<?xml version="1.0" encoding="UTF-8"?>
<testsuite name="main.ServiceTest" tests="2" skipped="0" failures="0" errors="0" timestamp="2017-05-17T07:01:51" hostname="FDLMC1276.local" time="0.007">
  <properties/>
  <testcase name="loginTest" classname="main.ServiceTest" time="0.002"/>
  <testcase name="JWTProcessTest" classname="main.ServiceTest" time="0.004"/>
  <system-out><![CDATA[2017-05-17 12:31:51.426  INFO 2170 --- [    Test worker] .b.t.c.SpringBootTestContextBootstrapper : Neither @ContextConfiguration nor @ContextHierarchy found for test class [main.ServiceTest], using SpringBootContextLoader
2017-05-17 12:31:51.427  INFO 2170 --- [    Test worker] o.s.t.c.support.AbstractContextLoader    : Could not detect default resource locations for test class [main.ServiceTest]: no resource found for suffixes {-context.xml, Context.groovy}.
2017-05-17 12:31:51.427  INFO 2170 --- [    Test worker] t.c.s.AnnotationConfigContextLoaderUtils : Could not detect default configuration classes for test class [main.ServiceTest]: ServiceTest does not declare any static, non-private, non-final, nested classes annotated with @Configuration.
2017-05-17 12:31:51.430  INFO 2170 --- [    Test worker] .b.t.c.SpringBootTestContextBootstrapper : Found @SpringBootConfiguration main.Application for test class main.ServiceTest
2017-05-17 12:31:51.432  INFO 2170 --- [    Test worker] .b.t.c.SpringBootTestContextBootstrapper : Loaded default TestExecutionListener class names from location [META-INF/spring.factories]: [org.springframework.boot.test.mock.mockito.MockitoTestExecutionListener, org.springframework.boot.test.mock.mockito.ResetMocksTestExecutionListener, org.springframework.boot.test.autoconfigure.restdocs.RestDocsTestExecutionListener, org.springframework.boot.test.autoconfigure.web.client.MockRestServiceServerResetTestExecutionListener, org.springframework.boot.test.autoconfigure.web.servlet.MockMvcPrintOnlyOnFailureTestExecutionListener, org.springframework.boot.test.autoconfigure.web.servlet.WebDriverTestExecutionListener, org.springframework.test.context.web.ServletTestExecutionListener, org.springframework.test.context.support.DirtiesContextBeforeModesTestExecutionListener, org.springframework.test.context.support.DependencyInjectionTestExecutionListener, org.springframework.test.context.support.DirtiesContextTestExecutionListener, org.springframework.test.context.transaction.TransactionalTestExecutionListener, org.springframework.test.context.jdbc.SqlScriptsTestExecutionListener]
2017-05-17 12:31:51.434  INFO 2170 --- [    Test worker] .b.t.c.SpringBootTestContextBootstrapper : Could not instantiate TestExecutionListener [org.springframework.test.context.jdbc.SqlScriptsTestExecutionListener]. Specify custom listener classes or make the default listener classes (and their required dependencies) available. Offending class: [org/springframework/transaction/interceptor/TransactionAttribute]
2017-05-17 12:31:51.434  INFO 2170 --- [    Test worker] .b.t.c.SpringBootTestContextBootstrapper : Could not instantiate TestExecutionListener [org.springframework.test.context.transaction.TransactionalTestExecutionListener]. Specify custom listener classes or make the default listener classes (and their required dependencies) available. Offending class: [org/springframework/transaction/interceptor/TransactionAttributeSource]
2017-05-17 12:31:51.434  INFO 2170 --- [    Test worker] .b.t.c.SpringBootTestContextBootstrapper : Using TestExecutionListeners: [org.springframework.test.context.web.ServletTestExecutionListener@2c4ea89e, org.springframework.test.context.support.DirtiesContextBeforeModesTestExecutionListener@229e2dd6, org.springframework.boot.test.autoconfigure.SpringBootDependencyInjectionTestExecutionListener@79096680, org.springframework.test.context.support.DirtiesContextTestExecutionListener@3da1b059, org.springframework.boot.test.autoconfigure.restdocs.RestDocsTestExecutionListener@64f2f52b, org.springframework.boot.test.autoconfigure.web.servlet.MockMvcPrintOnlyOnFailureTestExecutionListener@37d184fe, org.springframework.boot.test.autoconfigure.web.servlet.WebDriverTestExecutionListener@5ded9e2, org.springframework.boot.test.autoconfigure.web.client.MockRestServiceServerResetTestExecutionListener@354d8278, org.springframework.boot.test.mock.mockito.MockitoTestExecutionListener@46656257, org.springframework.boot.test.mock.mockito.ResetMocksTestExecutionListener@7d28f811]

  .   ____          _            __ _ _
 /\\ / ___'_ __ _ _(_)_ __  __ _ \ \ \ \
( ( )\___ | '_ | '_| | '_ \/ _` | \ \ \ \
 \\/  ___)| |_)| | | | | || (_| |  ) ) ) )
  '  |____| .__|_| |_|_| |_\__, | / / / /
 =========|_|==============|___/=/_/_/_/
 :: Spring Boot ::        (v1.5.2.RELEASE)

2017-05-17 12:31:51.457  INFO 2170 --- [    Test worker] main.ServiceTest                         : Starting ServiceTest on FDLMC1276.local with PID 2170 (started by user in /Users/user/IdeaProjects)
2017-05-17 12:31:51.458  INFO 2170 --- [    Test worker] main.ServiceTest                         : No active profile set, falling back to default profiles: default
2017-05-17 12:31:51.472  INFO 2170 --- [    Test worker] o.s.w.c.s.GenericWebApplicationContext   : Refreshing org.springframework.web.context.support.GenericWebApplicationContext@48222026: startup date [Wed May 17 12:31:51 IST 2017]; root of context hierarchy
2017-05-17 12:31:51.772  INFO 2170 --- [    Test worker] o.s.s.web.DefaultSecurityFilterChain     : Creating filter chain: org.springframework.security.web.util.matcher.AnyRequestMatcher@1, [org.springframework.security.web.context.request.async.WebAsyncManagerIntegrationFilter@57b64362, org.springframework.security.web.context.SecurityContextPersistenceFilter@50a18d04, org.springframework.security.web.header.HeaderWriterFilter@6f5a0697, org.springframework.security.web.authentication.logout.LogoutFilter@21621d36, auth.JwtAuthFilter@44075217, org.springframework.security.web.savedrequest.RequestCacheAwareFilter@7d3109f2, org.springframework.security.web.servletapi.SecurityContextHolderAwareRequestFilter@4260c67d, org.springframework.security.web.authentication.AnonymousAuthenticationFilter@37949c9d, org.springframework.security.web.session.SessionManagementFilter@47348aa5, org.springframework.security.web.access.ExceptionTranslationFilter@14e73b51, org.springframework.security.web.access.intercept.FilterSecurityInterceptor@3b8da6d0]
2017-05-17 12:31:51.844  INFO 2170 --- [    Test worker] s.w.s.m.m.a.RequestMappingHandlerAdapter : Looking for @ControllerAdvice: org.springframework.web.context.support.GenericWebApplicationContext@48222026: startup date [Wed May 17 12:31:51 IST 2017]; root of context hierarchy
2017-05-17 12:31:51.852  INFO 2170 --- [    Test worker] s.w.s.m.m.a.RequestMappingHandlerMapping : Mapped "{[/home]}" onto public java.lang.String controllers.Controller.home()
2017-05-17 12:31:51.853  INFO 2170 --- [    Test worker] s.w.s.m.m.a.RequestMappingHandlerMapping : Mapped "{[/login],methods=[POST],produces=[application/json]}" onto public models.Profile controllers.Controller.login(models.Credentials,javax.servlet.http.HttpServletResponse)
2017-05-17 12:31:51.855  INFO 2170 --- [    Test worker] s.w.s.m.m.a.RequestMappingHandlerMapping : Mapped "{[/error]}" onto public org.springframework.http.ResponseEntity<java.util.Map<java.lang.String, java.lang.Object>> org.springframework.boot.autoconfigure.web.BasicErrorController.error(javax.servlet.http.HttpServletRequest)
2017-05-17 12:31:51.855  INFO 2170 --- [    Test worker] s.w.s.m.m.a.RequestMappingHandlerMapping : Mapped "{[/error],produces=[text/html]}" onto public org.springframework.web.servlet.ModelAndView org.springframework.boot.autoconfigure.web.BasicErrorController.errorHtml(javax.servlet.http.HttpServletRequest,javax.servlet.http.HttpServletResponse)
2017-05-17 12:31:51.871  INFO 2170 --- [    Test worker] o.s.w.s.handler.SimpleUrlHandlerMapping  : Mapped URL path [/webjars/**] onto handler of type [class org.springframework.web.servlet.resource.ResourceHttpRequestHandler]
2017-05-17 12:31:51.872  INFO 2170 --- [    Test worker] o.s.w.s.handler.SimpleUrlHandlerMapping  : Mapped URL path [/**] onto handler of type [class org.springframework.web.servlet.resource.ResourceHttpRequestHandler]
2017-05-17 12:31:51.879  INFO 2170 --- [    Test worker] .m.m.a.ExceptionHandlerExceptionResolver : Detected @ExceptionHandler methods in globalExceptionHandler
2017-05-17 12:31:51.888  INFO 2170 --- [    Test worker] o.s.w.s.handler.SimpleUrlHandlerMapping  : Mapped URL path [/**/favicon.ico] onto handler of type [class org.springframework.web.servlet.resource.ResourceHttpRequestHandler]
2017-05-17 12:31:51.990  INFO 2170 --- [    Test worker] main.ServiceTest                         : Started ServiceTest in 0.551 seconds (JVM running for 3.619)
]]></system-out>
  <system-err><![CDATA[]]></system-err>
</testsuite>
